This is pdfTeX, Version 3.141592653-2.6-1.40.23 (TeX Live 2021/W32TeX) (preloaded format=pdflatex 2021.12.1)  10 FEB 2022 17:55
entering extended mode
 restricted \write18 enabled.
 file:line:error style messages enabled.
 %&-line parsing enabled.
**"c:/Users/Jules Dubreuil/Documents/universite/210-ra/tp1/canitrot_dubreuil.tex"
(c:/Users/Jules Dubreuil/Documents/universite/210-ra/tp1/canitrot_dubreuil.tex
LaTeX2e <2021-11-15>
L3 programming layer <2021-11-22> (c:/texlive/2021/texmf-dist/tex/latex/base/article.cls
Document Class: article 2021/10/04 v1.4n Standard LaTeX document class
(c:/texlive/2021/texmf-dist/tex/latex/base/size12.clo
File: size12.clo 2021/10/04 v1.4n Standard LaTeX file (size option)
)
\c@part=\count183
\c@section=\count184
\c@subsection=\count185
\c@subsubsection=\count186
\c@paragraph=\count187
\c@subparagraph=\count188
\c@figure=\count189
\c@table=\count190
\abovecaptionskip=\skip47
\belowcaptionskip=\skip48
\bibindent=\dimen138
) (c:/texlive/2021/texmf-dist/tex/latex/geometry/geometry.sty
Package: geometry 2020/01/02 v5.9 Page Geometry
 (c:/texlive/2021/texmf-dist/tex/latex/graphics/keyval.sty
Package: keyval 2014/10/28 v1.15 key=value parser (DPC)
\KV@toks@=\toks16
) (c:/texlive/2021/texmf-dist/tex/generic/iftex/ifvtex.sty
Package: ifvtex 2019/10/25 v1.7 ifvtex legacy package. Use iftex instead.
 (c:/texlive/2021/texmf-dist/tex/generic/iftex/iftex.sty
Package: iftex 2020/03/06 v1.0d TeX engine tests
))
\Gm@cnth=\count191
\Gm@cntv=\count192
\c@Gm@tempcnt=\count193
\Gm@bindingoffset=\dimen139
\Gm@wd@mp=\dimen140
\Gm@odd@mp=\dimen141
\Gm@even@mp=\dimen142
\Gm@layoutwidth=\dimen143
\Gm@layoutheight=\dimen144
\Gm@layouthoffset=\dimen145
\Gm@layoutvoffset=\dimen146
\Gm@dimlist=\toks17
) (c:/texlive/2021/texmf-dist/tex/generic/babel/babel.sty
Package: babel 2021/11/29 3.67 The Babel package
\babel@savecnt=\count194
\U@D=\dimen147
\l@unhyphenated=\language87
 (c:/texlive/2021/texmf-dist/tex/generic/babel/txtbabel.def)
\bbl@readstream=\read2
\bbl@dirlevel=\count195
 (c:/texlive/2021/texmf-dist/tex/generic/babel-french/french.ldf
Language: french 2021/07/20 v3.5m French support from the babel system
Package babel Info: Hyphen rules for 'acadian' set to \l@french
(babel)             (\language29). Reported on input line 91.
Package babel Info: Hyphen rules for 'canadien' set to \l@french
(babel)             (\language29). Reported on input line 92.
\FB@nonchar=\count196
Package babel Info: Making : an active character on input line 430.
Package babel Info: Making ; an active character on input line 431.
Package babel Info: Making ! an active character on input line 432.
Package babel Info: Making ? an active character on input line 433.
\FBguill@level=\count197
\FBold@everypar=\toks18
\FB@Mht=\dimen148
\mc@charclass=\count198
\mc@charfam=\count199
\mc@charslot=\count266
\std@mcc=\count267
\dec@mcc=\count268
\listindentFB=\dimen149
\descindentFB=\dimen150
\labelindentFB=\dimen151
\labelwidthFB=\dimen152
\leftmarginFB=\dimen153
\parindentFFN=\dimen154
\FBfnindent=\dimen155
)) (c:/texlive/2021/texmf-dist/tex/latex/carlisle/scalefnt.sty) (c:/texlive/2021/texmf-dist/tex/latex/base/fontenc.sty
Package: fontenc 2021/04/29 v2.0v Standard LaTeX package
) (c:/texlive/2021/texmf-dist/tex/latex/base/inputenc.sty
Package: inputenc 2021/02/14 v1.3d Input encoding file
\inpenc@prehook=\toks19
\inpenc@posthook=\toks20
) (c:/texlive/2021/texmf-dist/tex/latex/enumitem/enumitem.sty
Package: enumitem 2019/06/20 v3.9 Customized lists
\labelindent=\skip49
\enit@outerparindent=\dimen156
\enit@toks=\toks21
\enit@inbox=\box50
\enit@count@id=\count269
\enitdp@description=\count270
) (c:/texlive/2021/texmf-dist/tex/latex/graphics/graphicx.sty
Package: graphicx 2021/09/16 v1.2d Enhanced LaTeX Graphics (DPC,SPQR)
 (c:/texlive/2021/texmf-dist/tex/latex/graphics/graphics.sty
Package: graphics 2021/03/04 v1.4d Standard LaTeX Graphics (DPC,SPQR)
 (c:/texlive/2021/texmf-dist/tex/latex/graphics/trig.sty
Package: trig 2021/08/11 v1.11 sin cos tan (DPC)
) (c:/texlive/2021/texmf-dist/tex/latex/graphics-cfg/graphics.cfg
File: graphics.cfg 2016/06/04 v1.11 sample graphics configuration
)
Package graphics Info: Driver file: pdftex.def on input line 107.
 (c:/texlive/2021/texmf-dist/tex/latex/graphics-def/pdftex.def
File: pdftex.def 2020/10/05 v1.2a Graphics/color driver for pdftex
))
\Gin@req@height=\dimen157
\Gin@req@width=\dimen158
) (c:/texlive/2021/texmf-dist/tex/latex/wrapfig/wrapfig.sty
\wrapoverhang=\dimen159
\WF@size=\dimen160
\c@WF@wrappedlines=\count271
\WF@box=\box51
\WF@everypar=\toks22
Package: wrapfig 2003/01/31  v 3.6
) (c:/texlive/2021/texmf-dist/tex/latex/listings/listings.sty
\lst@mode=\count272
\lst@gtempboxa=\box52
\lst@token=\toks23
\lst@length=\count273
\lst@currlwidth=\dimen161
\lst@column=\count274
\lst@pos=\count275
\lst@lostspace=\dimen162
\lst@width=\dimen163
\lst@newlines=\count276
\lst@lineno=\count277
\lst@maxwidth=\dimen164
 (c:/texlive/2021/texmf-dist/tex/latex/listings/lstmisc.sty
File: lstmisc.sty 2020/03/24 1.8d (Carsten Heinz)
\c@lstnumber=\count278
\lst@skipnumbers=\count279
\lst@framebox=\box53
) (c:/texlive/2021/texmf-dist/tex/latex/listings/listings.cfg
File: listings.cfg 2020/03/24 1.8d listings configuration
))
Package: listings 2020/03/24 1.8d (Carsten Heinz)
 (c:/texlive/2021/texmf-dist/tex/latex/inconsolata/inconsolata.sty
Package: inconsolata 2019/05/17 v1.12
 `inconsolata-zi4' v1.12, 2019/05/17 Text macros for Inconsolata (msharpe) (c:/texlive/2021/texmf-dist/tex/latex/base/textcomp.sty
Package: textcomp 2020/02/02 v2.0n Standard LaTeX package
) (c:/texlive/2021/texmf-dist/tex/latex/xkeyval/xkeyval.sty
Package: xkeyval 2020/11/20 v2.8 package option processing (HA)
 (c:/texlive/2021/texmf-dist/tex/generic/xkeyval/xkeyval.tex (c:/texlive/2021/texmf-dist/tex/generic/xkeyval/xkvutils.tex
\XKV@toks=\toks24
\XKV@tempa@toks=\toks25
)
\XKV@depth=\count280
File: xkeyval.tex 2014/12/03 v2.7a key=value parser (HA)
))
\zifour@ocount=\count281
) (c:/texlive/2021/texmf-dist/tex/latex/caption/caption.sty
Package: caption 2020/10/26 v3.5g Customizing captions (AR)
 (c:/texlive/2021/texmf-dist/tex/latex/caption/caption3.sty
Package: caption3 2020/10/21 v2.2e caption3 kernel (AR)
\captionmargin=\dimen165
\captionmargin@=\dimen166
\captionwidth=\dimen167
\caption@tempdima=\dimen168
\caption@indent=\dimen169
\caption@parindent=\dimen170
\caption@hangindent=\dimen171
Package caption Info: Standard document class detected.
Package caption Info: french babel package is loaded.
)
\c@caption@flags=\count282
\c@continuedfloat=\count283
Package caption Info: listings package is loaded.
Package caption Info: wrapfig package is loaded.
)
\c@qnum=\count284
 (c:/texlive/2021/texmf-dist/tex/latex/l3backend/l3backend-pdftex.def
File: l3backend-pdftex.def 2021-10-18 L3 backend support: PDF output (pdfTeX)
\l__color_backend_stack_int=\count285
\l__pdf_internal_box=\box54
) (./canitrot_dubreuil.aux)
\openout1 = `canitrot_dubreuil.aux'.

LaTeX Font Info:    Checking defaults for OML/cmm/m/it on input line 26.
LaTeX Font Info:    ... okay on input line 26.
LaTeX Font Info:    Checking defaults for OMS/cmsy/m/n on input line 26.
LaTeX Font Info:    ... okay on input line 26.
LaTeX Font Info:    Checking defaults for OT1/cmr/m/n on input line 26.
LaTeX Font Info:    ... okay on input line 26.
LaTeX Font Info:    Checking defaults for T1/cmr/m/n on input line 26.
LaTeX Font Info:    ... okay on input line 26.
LaTeX Font Info:    Checking defaults for TS1/cmr/m/n on input line 26.
LaTeX Font Info:    ... okay on input line 26.
LaTeX Font Info:    Checking defaults for OMX/cmex/m/n on input line 26.
LaTeX Font Info:    ... okay on input line 26.
LaTeX Font Info:    Checking defaults for U/cmr/m/n on input line 26.
LaTeX Font Info:    ... okay on input line 26.

*geometry* driver: auto-detecting
*geometry* detected driver: pdftex
*geometry* verbose mode - [ preamble ] result:
* driver: pdftex
* paper: a4paper
* layout: <same size as paper>
* layoutoffset:(h,v)=(0.0pt,0.0pt)
* modes: 
* h-part:(L,W,R)=(72.26999pt, 452.9679pt, 72.26999pt)
* v-part:(T,H,B)=(72.26999pt, 700.50687pt, 72.26999pt)
* \paperwidth=597.50787pt
* \paperheight=845.04684pt
* \textwidth=452.9679pt
* \textheight=700.50687pt
* \oddsidemargin=0.0pt
* \evensidemargin=0.0pt
* \topmargin=-37.0pt
* \headheight=12.0pt
* \headsep=25.0pt
* \topskip=12.0pt
* \footskip=30.0pt
* \marginparwidth=44.0pt
* \marginparsep=10.0pt
* \columnsep=10.0pt
* \skip\footins=10.8pt plus 4.0pt minus 2.0pt
* \hoffset=0.0pt
* \voffset=0.0pt
* \mag=1000
* \@twocolumnfalse
* \@twosidefalse
* \@mparswitchfalse
* \@reversemarginfalse
* (1in=72.27pt=25.4mm, 1cm=28.453pt)

LaTeX Info: Redefining \degres on input line 26.
Package french.ldf Info: Setting StandardItemizeEnv=true for
(french.ldf)             compatibility with enumitem package,
(french.ldf)             reported on input line 26.
Package french.ldf Info: Setting StandardEnumerateEnv=true for
(french.ldf)             compatibility with enumitem package,
(french.ldf)             reported on input line 26.
LaTeX Info: Redefining \up on input line 26.
(c:/texlive/2021/texmf-dist/tex/context/base/mkii/supp-pdf.mkii
[Loading MPS to PDF converter (version 2006.09.02).]
\scratchcounter=\count286
\scratchdimen=\dimen172
\scratchbox=\box55
\nofMPsegments=\count287
\nofMParguments=\count288
\everyMPshowfont=\toks26
\MPscratchCnt=\count289
\MPscratchDim=\dimen173
\MPnumerator=\count290
\makeMPintoPDFobject=\count291
\everyMPtoPDFconversion=\toks27
) (c:/texlive/2021/texmf-dist/tex/latex/epstopdf-pkg/epstopdf-base.sty
Package: epstopdf-base 2020-01-24 v2.11 Base part for package epstopdf
Package epstopdf-base Info: Redefining graphics rule for `.eps' on input line 485.
 (c:/texlive/2021/texmf-dist/tex/latex/latexconfig/epstopdf-sys.cfg
File: epstopdf-sys.cfg 2010/07/13 v1.3 Configuration of (r)epstopdf for TeX Live
))
\c@lstlisting=\count292
 (c:/texlive/2021/texmf-dist/tex/latex/upquote/upquote.sty
Package: upquote 2012/04/19 v1.3 upright-quote and grave-accent glyphs in verbatim
)
Package caption Info: Begin \AtBeginDocument code.
Package caption Info: End \AtBeginDocument code.
<logo.png, id=1, 355.3275pt x 142.5325pt>
File: logo.png Graphic file (type png)
<use logo.png>
Package pdftex.def Info: logo.png  used on input line 30.
(pdftex.def)             Requested size: 113.24197pt x 45.42429pt.
 (./canitrot_dubreuil.toc
LaTeX Font Info:    External font `cmex10' loaded for size
(Font)              <12> on input line 3.
LaTeX Font Info:    External font `cmex10' loaded for size
(Font)              <8> on input line 3.
LaTeX Font Info:    External font `cmex10' loaded for size
(Font)              <6> on input line 3.
)
\tf@toc=\write3
\openout3 = `canitrot_dubreuil.toc'.

 [1

{c:/texlive/2021/texmf-var/fonts/map/pdftex/updmap/pdftex.map} <./logo.png>]
LaTeX Font Info:    Trying to load font information for T1+zi4 on input line 59.
 (c:/texlive/2021/texmf-dist/tex/latex/inconsolata/t1zi4.fd
File: t1zi4.fd 2018/01/14 T1/zi4 (Inconsolata)
)
LaTeX Font Info:    Font shape `T1/zi4/m/n' will be
(Font)              scaled to size 10.95pt on input line 59.
<./data/img//LRR_error_vs_coef1.png, id=16, 387.4475pt x 279.0425pt>
File: ./data/img//LRR_error_vs_coef1.png Graphic file (type png)
<use ./data/img//LRR_error_vs_coef1.png>
Package pdftex.def Info: ./data/img//LRR_error_vs_coef1.png  used on input line 83.
(pdftex.def)             Requested size: 203.83417pt x 146.80606pt.
<./data/img//LRR_error_vs_coef1000.png, id=18, 383.4325pt x 279.0425pt>
File: ./data/img//LRR_error_vs_coef1000.png Graphic file (type png)
<use ./data/img//LRR_error_vs_coef1000.png>
Package pdftex.def Info: ./data/img//LRR_error_vs_coef1000.png  used on input line 90.
(pdftex.def)             Requested size: 203.83417pt x 148.34314pt.
 [1 <./data/img//LRR_error_vs_coef1.png> <./data/img//LRR_error_vs_coef1000.png>]
<./data/img//LRR_coef_impact.png, id=32, 387.4475pt x 264.99pt>
File: ./data/img//LRR_coef_impact.png Graphic file (type png)
<use ./data/img//LRR_coef_impact.png>
Package pdftex.def Info: ./data/img//LRR_coef_impact.png  used on input line 102.
(pdftex.def)             Requested size: 226.48395pt x 154.90327pt.
<./data/img//batch_rbfn_error_vs_n_features30.png, id=33, 377.41pt x 280.04625pt>
File: ./data/img//batch_rbfn_error_vs_n_features30.png Graphic file (type png)
<use ./data/img//batch_rbfn_error_vs_n_features30.png>
Package pdftex.def Info: ./data/img//batch_rbfn_error_vs_n_features30.png  used on input line 138.
(pdftex.def)             Requested size: 203.83417pt x 151.24835pt.
<./data/img//overfitting_10.png, id=34, 379.4175pt x 264.99pt>
File: ./data/img//overfitting_10.png Graphic file (type png)
<use ./data/img//overfitting_10.png>
Package pdftex.def Info: ./data/img//overfitting_10.png  used on input line 151.
(pdftex.def)             Requested size: 203.83417pt x 142.36061pt.
<./data/img//overfitting_15.png, id=35, 379.4175pt x 264.99pt>
File: ./data/img//overfitting_15.png Graphic file (type png)
<use ./data/img//overfitting_15.png>
Package pdftex.def Info: ./data/img//overfitting_15.png  used on input line 158.
(pdftex.def)             Requested size: 203.83417pt x 142.36061pt.
<./data/img//overfitting_20.png, id=36, 379.4175pt x 264.99pt>
File: ./data/img//overfitting_20.png Graphic file (type png)
<use ./data/img//overfitting_20.png>
Package pdftex.def Info: ./data/img//overfitting_20.png  used on input line 164.
(pdftex.def)             Requested size: 203.83417pt x 142.36061pt.
<./data/img//overfitting_30.png, id=37, 379.4175pt x 264.99pt>
File: ./data/img//overfitting_30.png Graphic file (type png)
<use ./data/img//overfitting_30.png>
Package pdftex.def Info: ./data/img//overfitting_30.png  used on input line 171.
(pdftex.def)             Requested size: 203.83417pt x 142.36061pt.
 [2

 <./data/img//LRR_coef_impact.png> <./data/img//batch_rbfn_error_vs_n_features30.png>] [3 <./data/img//overfitting_10.png> <./data/img//overfitting_15.png> <./data/img//overfitting_20.png> <./data/img//overfitting_30.png>]
<./data/img//time_vs_n_features.png, id=50, 393.47pt x 279.0425pt>
File: ./data/img//time_vs_n_features.png Graphic file (type png)
<use ./data/img//time_vs_n_features.png>
Package pdftex.def Info: ./data/img//time_vs_n_features.png  used on input line 191.
(pdftex.def)             Requested size: 149.48022pt x 106.00743pt.
<./data/img//time_vs_n_samples.png, id=51, 393.47pt x 279.0425pt>
File: ./data/img//time_vs_n_samples.png Graphic file (type png)
<use ./data/img//time_vs_n_samples.png>
Package pdftex.def Info: ./data/img//time_vs_n_samples.png  used on input line 198.
(pdftex.def)             Requested size: 149.48022pt x 106.00743pt.
<./data/img//time_vs_noise.png, id=52, 399.4925pt x 279.0425pt>
File: ./data/img//time_vs_noise.png Graphic file (type png)
<use ./data/img//time_vs_noise.png>
Package pdftex.def Info: ./data/img//time_vs_noise.png  used on input line 204.
(pdftex.def)             Requested size: 149.48022pt x 104.41075pt.
<./data/img//incr_rbfn_10feat.png, id=53, 381.425pt x 264.99pt>
File: ./data/img//incr_rbfn_10feat.png Graphic file (type png)
<use ./data/img//incr_rbfn_10feat.png>
Package pdftex.def Info: ./data/img//incr_rbfn_10feat.png  used on input line 220.
(pdftex.def)             Requested size: 203.83417pt x 141.60852pt.
<./data/img//incr_rbfn_20feat.png, id=54, 381.425pt x 264.99pt>
File: ./data/img//incr_rbfn_20feat.png Graphic file (type png)
<use ./data/img//incr_rbfn_20feat.png>
Package pdftex.def Info: ./data/img//incr_rbfn_20feat.png  used on input line 227.
(pdftex.def)             Requested size: 203.83417pt x 141.60852pt.
<./data/img//incr_rbfn_30feat.png, id=55, 381.425pt x 264.99pt>
File: ./data/img//incr_rbfn_30feat.png Graphic file (type png)
<use ./data/img//incr_rbfn_30feat.png>
Package pdftex.def Info: ./data/img//incr_rbfn_30feat.png  used on input line 233.
(pdftex.def)             Requested size: 203.83417pt x 141.60852pt.
<./data/img//incr_rbfn_sigma.png, id=56, 387.4475pt x 264.99pt>
File: ./data/img//incr_rbfn_sigma.png Graphic file (type png)
<use ./data/img//incr_rbfn_sigma.png>
Package pdftex.def Info: ./data/img//incr_rbfn_sigma.png  used on input line 240.
(pdftex.def)             Requested size: 203.83417pt x 139.41295pt.
LaTeX Font Info:    External font `cmex10' loaded for size
(Font)              <5> on input line 241.
 [4

 <./data/img//time_vs_n_features.png> <./data/img//time_vs_n_samples.png> <./data/img//time_vs_noise.png> <./data/img//incr_rbfn_10feat.png> <./data/img//incr_rbfn_20feat.png> <./data/img//incr_rbfn_30feat.png> <./data/img//incr_rbfn_sigma.png>] [5]
<./data/img//LWR_error_vs_n_features.png, id=71, 377.41pt x 280.04625pt>
File: ./data/img//LWR_error_vs_n_features.png Graphic file (type png)
<use ./data/img//LWR_error_vs_n_features.png>
Package pdftex.def Info: ./data/img//LWR_error_vs_n_features.png  used on input line 276.
(pdftex.def)             Requested size: 203.83417pt x 151.24835pt.
<./data/img//lwr_nfeat_10.png, id=72, 381.425pt x 264.99pt>
File: ./data/img//lwr_nfeat_10.png Graphic file (type png)
<use ./data/img//lwr_nfeat_10.png>
Package pdftex.def Info: ./data/img//lwr_nfeat_10.png  used on input line 287.
(pdftex.def)             Requested size: 203.83417pt x 141.60852pt.
<./data/img//lwr_nfeat_20.png, id=73, 387.4475pt x 264.99pt>
File: ./data/img//lwr_nfeat_20.png Graphic file (type png)
<use ./data/img//lwr_nfeat_20.png>
Package pdftex.def Info: ./data/img//lwr_nfeat_20.png  used on input line 294.
(pdftex.def)             Requested size: 203.83417pt x 139.41295pt.
<./data/img//lwr_nfeat_30.png, id=74, 387.4475pt x 264.99pt>
File: ./data/img//lwr_nfeat_30.png Graphic file (type png)
<use ./data/img//lwr_nfeat_30.png>
Package pdftex.def Info: ./data/img//lwr_nfeat_30.png  used on input line 300.
(pdftex.def)             Requested size: 203.83417pt x 139.41295pt.
<./data/img//lwr_nfeat_40.png, id=75, 387.4475pt x 264.99pt>
File: ./data/img//lwr_nfeat_40.png Graphic file (type png)
<use ./data/img//lwr_nfeat_40.png>
Package pdftex.def Info: ./data/img//lwr_nfeat_40.png  used on input line 307.
(pdftex.def)             Requested size: 203.83417pt x 139.41295pt.
 [6 <./data/img//LWR_error_vs_n_features.png> <./data/img//lwr_nfeat_10.png> <./data/img//lwr_nfeat_20.png> <./data/img//lwr_nfeat_30.png> <./data/img//lwr_nfeat_40.png>]
<./data/img//lwr_vs_rbfn_time.png, id=85, 393.47pt x 280.04625pt>
File: ./data/img//lwr_vs_rbfn_time.png Graphic file (type png)
<use ./data/img//lwr_vs_rbfn_time.png>
Package pdftex.def Info: ./data/img//lwr_vs_rbfn_time.png  used on input line 321.
(pdftex.def)             Requested size: 203.83417pt x 145.07364pt.
<./data/img//lwr_vs_rbfn_error.png, id=86, 377.41pt x 280.04625pt>
File: ./data/img//lwr_vs_rbfn_error.png Graphic file (type png)
<use ./data/img//lwr_vs_rbfn_error.png>
Package pdftex.def Info: ./data/img//lwr_vs_rbfn_error.png  used on input line 328.
(pdftex.def)             Requested size: 203.83417pt x 151.24835pt.
<./data/img//lwr_vs_rbfn_overfitting1.png, id=87, 379.4175pt x 264.99pt>
File: ./data/img//lwr_vs_rbfn_overfitting1.png Graphic file (type png)
<use ./data/img//lwr_vs_rbfn_overfitting1.png>
Package pdftex.def Info: ./data/img//lwr_vs_rbfn_overfitting1.png  used on input line 334.
(pdftex.def)             Requested size: 203.83417pt x 142.36061pt.
<./data/img//lwr_vs_rbfn_overfitting2.png, id=88, 373.395pt x 264.99pt>
File: ./data/img//lwr_vs_rbfn_overfitting2.png Graphic file (type png)
<use ./data/img//lwr_vs_rbfn_overfitting2.png>
Package pdftex.def Info: ./data/img//lwr_vs_rbfn_overfitting2.png  used on input line 341.
(pdftex.def)             Requested size: 203.83417pt x 144.65726pt.
 [7 <./data/img//lwr_vs_rbfn_time.png> <./data/img//lwr_vs_rbfn_error.png> <./data/img//lwr_vs_rbfn_overfitting1.png> <./data/img//lwr_vs_rbfn_overfitting2.png>]
<./data/img//nn_batch.png, id=96, 379.4175pt x 248.93pt>
File: ./data/img//nn_batch.png Graphic file (type png)
<use ./data/img//nn_batch.png>
Package pdftex.def Info: ./data/img//nn_batch.png  used on input line 367.
(pdftex.def)             Requested size: 149.48022pt x 98.07367pt.
<./data/img//nn_incr.png, id=97, 379.4175pt x 248.93pt>
File: ./data/img//nn_incr.png Graphic file (type png)
<use ./data/img//nn_incr.png>
Package pdftex.def Info: ./data/img//nn_incr.png  used on input line 376.
(pdftex.def)             Requested size: 149.48022pt x 98.07367pt.
<./data/img//nn_incr_mb.png, id=98, 379.4175pt x 248.93pt>
File: ./data/img//nn_incr_mb.png Graphic file (type png)
<use ./data/img//nn_incr_mb.png>
Package pdftex.def Info: ./data/img//nn_incr_mb.png  used on input line 384.
(pdftex.def)             Requested size: 149.48022pt x 98.07367pt.
<./data/img//mini-batch_time.png, id=99, 394.47375pt x 279.0425pt>
File: ./data/img//mini-batch_time.png Graphic file (type png)
<use ./data/img//mini-batch_time.png>
Package pdftex.def Info: ./data/img//mini-batch_time.png  used on input line 402.
(pdftex.def)             Requested size: 203.83417pt x 144.18748pt.
<./data/img//mini-batch_loss.png, id=100, 400.49625pt x 279.0425pt>
File: ./data/img//mini-batch_loss.png Graphic file (type png)
<use ./data/img//mini-batch_loss.png>
Package pdftex.def Info: ./data/img//mini-batch_loss.png  used on input line 409.
(pdftex.def)             Requested size: 203.83417pt x 142.02025pt.
 [8 <./data/img//nn_batch.png> <./data/img//nn_incr.png> <./data/img//nn_incr_mb.png> <./data/img//mini-batch_time.png> <./data/img//mini-batch_loss.png>] [9] (c:/texlive/2021/texmf-dist/tex/latex/listings/lstlang1.sty
File: lstlang1.sty 2020/03/24 1.8d listings language file
)
LaTeX Font Info:    Font shape `T1/zi4/b/n' will be
(Font)              scaled to size 10.95pt on input line 432.
 [10] [11] [12] [13] [14] [15] [16] [17]
<./data/img//batch_rbfn_error_vs_n_features100.png, id=139, 385.44pt x 280.04625pt>
File: ./data/img//batch_rbfn_error_vs_n_features100.png Graphic file (type png)
<use ./data/img//batch_rbfn_error_vs_n_features100.png>
Package pdftex.def Info: ./data/img//batch_rbfn_error_vs_n_features100.png  used on input line 831.
(pdftex.def)             Requested size: 203.83417pt x 148.09476pt.
 [18 <./data/img//batch_rbfn_error_vs_n_features100.png>] (./canitrot_dubreuil.aux) ) 
Here is how much of TeX's memory you used:
 8111 strings out of 478353
 134474 string characters out of 5852101
 860046 words of memory out of 5000000
 26133 multiletter control sequences out of 15000+600000
 418813 words of font info for 56 fonts, out of 8000000 for 9000
 1141 hyphenation exceptions out of 8191
 69i,8n,117p,610b,1738s stack positions out of 5000i,500n,10000p,200000b,80000s
{c:/texlive/2021/texmf-dist/fonts/enc/dvips/inconsolata/i4-t1-0.enc}{c:/texlive/2021/texmf-dist/fonts/enc/dvips/cm-super/cm-super-t1.enc}<c:/texlive/2021/texmf-dist/fonts/type1/public/inconsolata/Inconsolata-zi4b.pfb><c:/texlive/2021/texmf-dist/fonts/type1/public/inconsolata/Inconsolata-zi4r.pfb><c:/texlive/2021/texmf-dist/fonts/type1/public/amsfonts/cm/cmbx12.pfb><c:/texlive/2021/texmf-dist/fonts/type1/public/amsfonts/cm/cmmi12.pfb><c:/texlive/2021/texmf-dist/fonts/type1/public/amsfonts/cm/cmmi8.pfb><c:/texlive/2021/texmf-dist/fonts/type1/public/amsfonts/cm/cmr12.pfb><c:/texlive/2021/texmf-dist/fonts/type1/public/amsfonts/cm/cmr8.pfb><c:/texlive/2021/texmf-dist/fonts/type1/public/amsfonts/cm/cmsy8.pfb><c:/texlive/2021/texmf-dist/fonts/type1/public/cm-super/sfbx1200.pfb><c:/texlive/2021/texmf-dist/fonts/type1/public/cm-super/sfbx1440.pfb><c:/texlive/2021/texmf-dist/fonts/type1/public/cm-super/sfbx1728.pfb><c:/texlive/2021/texmf-dist/fonts/type1/public/cm-super/sfbx2074.pfb><c:/texlive/2021/texmf-dist/fonts/type1/public/cm-super/sfcc0800.pfb><c:/texlive/2021/texmf-dist/fonts/type1/public/cm-super/sfcc1200.pfb><c:/texlive/2021/texmf-dist/fonts/type1/public/cm-super/sfcc1440.pfb><c:/texlive/2021/texmf-dist/fonts/type1/public/cm-super/sfcc1728.pfb><c:/texlive/2021/texmf-dist/fonts/type1/public/cm-super/sfrm0800.pfb><c:/texlive/2021/texmf-dist/fonts/type1/public/cm-super/sfrm1200.pfb><c:/texlive/2021/texmf-dist/fonts/type1/public/cm-super/sfti1440.pfb>
Output written on canitrot_dubreuil.pdf (19 pages, 797018 bytes).
PDF statistics:
 227 PDF objects out of 1000 (max. 8388607)
 104 compressed objects within 2 object streams
 0 named destinations out of 1000 (max. 500000)
 156 words of extra memory for PDF output out of 10000 (max. 10000000)

